<?xml version="1.0" encoding="UTF-8"?>
<!-- Generated by org.testng.reporters.JUnitReportReporter -->
<testsuite hostname="Aadyyyy" failures="0" tests="2" name="com.lavatech.tests.RegisterAndLoginTest" time="11.436" errors="0" timestamp="2024-09-20T13:01:52 IST" skipped="0">
  <testcase classname="com.lavatech.tests.RegisterAndLoginTest" name="testLogin" time="3.368"/>
  <system-out/>
  <testcase classname="com.lavatech.tests.RegisterAndLoginTest" name="testRegister" time="8.068"/>
  <system-out/>
</testsuite> <!-- com.lavatech.tests.RegisterAndLoginTest -->
